     1                                  bits 32 ; assembling for the 32 bits architecture
     2                                  
     3                                  ; declare the EntryPoint (a label defining the very first instruction of the program)
     4                                  global start        
     5                                  
     6                                  ; declare external functions needed by our program
     7                                  extern exit               ; tell nasm that exit exists even if we won't be defining it
     8                                  import exit msvcrt.dll    ; exit is a function that ends the calling process. It is defined in msvcrt.dll
     9                                                            ; msvcrt.dll contains exit, printf and all the other important C-runtime specific functions
    10                                  
    11                                  ; our data is declared here (the variables needed by our program)
    12                                  segment data use32 class=data
    13                                      ; ...
    14 00000000 2D                          a db 45
    15 00000001 14                          b db 20
    16 00000002 1E                          c db 30
    17 00000003 28                          d db 40
    18                                  ; our code starts here
    19                                  segment code use32 class=code
    20                                      start:
    21                                          ; ...
    22 00000000 A0[00000000]                    mov al, [a]
    23 00000005 0205[01000000]                  add al, [b]
    24 0000000B 0205[01000000]                  add al, [b]
    25 00000011 021D[02000000]                  add bl, [c]
    26 00000017 021D[03000000]                  add bl, [d]
    27 0000001D 28D8                            sub al,bl
    28                                          ; exit(0)
    29 0000001F 6A00                            push    dword 0      ; push the parameter for exit onto the stack
    30 00000021 FF15[00000000]                  call    [exit]       ; call exit to terminate the program
