     1                                  bits 32 ; assembling for the 32 bits architecture
     2                                  
     3                                  ; declare the EntryPoint (a label defining the very first instruction of the program)
     4                                  global start        
     5                                  
     6                                  ; declare external functions needed by our program
     7                                  extern exit               ; tell nasm that exit exists even if we won't be defining it
     8                                  import exit msvcrt.dll    ; exit is a function that ends the calling process. It is defined in msvcrt.dll
     9                                                            ; msvcrt.dll contains exit, printf and all the other important C-runtime specific functions
    10                                  
    11                                  ; our data is declared here (the variables needed by our program)
    12                                  segment data use32 class=data
    13                                      ; ...
    14 00000000 03                          a db 3
    15 00000001 02                          b db 2
    16 00000002 03                          c db 3
    17 00000003 0B00                        d dw 11
    18                                  ; our code starts here
    19                                  segment code use32 class=code
    20                                      start:
    21                                          ; ...
    22 00000000 B000                            mov al,0
    23 00000002 66BB0000                        mov bx,0
    24 00000006 66BA0000                        mov dx,0
    25 0000000A 660315[03000000]                add dx,[d]
    26 00000011 6683C20A                        add dx,10 ; dx = d+10
    27 00000015 0205[00000000]                  add al, [a]
    28 0000001B F6E0                            mul al ; ax=a*a
    29 0000001D 021D[01000000]                  add bl,[b]
    30 00000023 021D[01000000]                  add bl,[b]
    31 00000029 B700                            mov bh,0 ; bx = 2*b
    32 0000002B 6629D8                          sub ax,bx
    33 0000002E 6629C2                          sub dx,ax
    34 00000031 6689D0                          mov ax,dx
    35 00000034 8A0D[02000000]                  mov cl, [c]
    36 0000003A F6F1                            div cl
    37                                          
    38                                          
    39                                          ; exit(0)
    40 0000003C 6A00                            push    dword 0      ; push the parameter for exit onto the stack
    41 0000003E FF15[00000000]                  call    [exit]       ; call exit to terminate the program
